This is XeTeX, Version 3.141592653-2.6-0.999995 (TeX Live 2023) (preloaded format=xelatex 2023.12.15)  14 JUN 2026 22:03
entering extended mode
 restricted \write18 enabled.
 file:line:error style messages enabled.
 %&-line parsing enabled.
**"d:/华为家庭存储/My Files/学习笔记/高中物理学/高中物理学（原稿）"
(d:/华为家庭存储/My Files/学习笔记/高中物理学/高中物理学（原稿）.tex
LaTeX2e <2022-11-01> patch level 1
L3 programming layer <2023-02-22> (c:/texlive/2023/texmf-dist/tex/latex/ctex/ctexbook.cls (c:/texlive/2023/texmf-dist/tex/latex/ctex/config/ctexbackend.cfg
File: ctexbackend.cfg 2022/07/14 v2.5.10 Backend configuration file (CTEX)
) (c:/texlive/2023/texmf-dist/tex/latex/l3kernel/expl3.sty
Package: expl3 2023-02-22 L3 programming layer (loader) 
 (c:/texlive/2023/texmf-dist/tex/latex/l3backend/l3backend-xetex.def
File: l3backend-xetex.def 2023-01-16 L3 backend support: XeTeX
\g__graphics_track_int=\count181
\l__pdf_internal_box=\box51
\g__pdf_backend_object_int=\count182
\g__pdf_backend_annotation_int=\count183
\g__pdf_backend_link_int=\count184
))
Document Class: ctexbook 2022/07/14 v2.5.10 Chinese adapter for class book (CTEX)
(c:/texlive/2023/texmf-dist/tex/latex/ctex/ctexhook.sty
Package: ctexhook 2022/07/14 v2.5.10 Document and package hooks (CTEX)
) (c:/texlive/2023/texmf-dist/tex/latex/ctex/ctexpatch.sty
Package: ctexpatch 2022/07/14 v2.5.10 Patching commands (CTEX)
) (c:/texlive/2023/texmf-dist/tex/latex/base/fix-cm.sty
Package: fix-cm 2020/11/24 v1.1t fixes to LaTeX
 (c:/texlive/2023/texmf-dist/tex/latex/base/ts1enc.def
File: ts1enc.def 2001/06/05 v3.0e (jk/car/fm) Standard LaTeX file
LaTeX Font Info:    Redeclaring font encoding TS1 on input line 47.
))
\l__ctex_tmp_int=\count185
\l__ctex_tmp_box=\box52
\l__ctex_tmp_dim=\dimen140
\g__ctex_section_depth_int=\count186
\g__ctex_font_size_int=\count187
 (c:/texlive/2023/texmf-dist/tex/latex/ctex/config/ctexopts.cfg
File: ctexopts.cfg 2022/07/14 v2.5.10 Option configuration file (CTEX)
) (c:/texlive/2023/texmf-dist/tex/latex/base/book.cls
Document Class: book 2022/07/02 v1.4n Standard LaTeX document class
(c:/texlive/2023/texmf-dist/tex/latex/base/bk11.clo
File: bk11.clo 2022/07/02 v1.4n Standard LaTeX file (size option)
)
\c@part=\count188
\c@chapter=\count189
\c@section=\count190
\c@subsection=\count191
\c@subsubsection=\count192
\c@paragraph=\count193
\c@subparagraph=\count194
\c@figure=\count195
\c@table=\count196
\abovecaptionskip=\skip48
\belowcaptionskip=\skip49
\bibindent=\dimen141
) (c:/texlive/2023/texmf-dist/tex/latex/ctex/engine/ctex-engine-xetex.def
File: ctex-engine-xetex.def 2022/07/14 v2.5.10 XeLaTeX adapter (CTEX)
 (c:/texlive/2023/texmf-dist/tex/xelatex/xecjk/xeCJK.sty
Package: xeCJK 2022/08/05 v3.9.1 Typesetting CJK scripts with XeLaTeX
 (c:/texlive/2023/texmf-dist/tex/latex/l3packages/xtemplate/xtemplate.sty
Package: xtemplate 2023-02-02 L3 Experimental prototype document functions
\l__xtemplate_tmp_dim=\dimen142
\l__xtemplate_tmp_int=\count197
\l__xtemplate_tmp_muskip=\muskip16
\l__xtemplate_tmp_skip=\skip50
)
\l__xeCJK_tmp_int=\count198
\l__xeCJK_tmp_box=\box53
\l__xeCJK_tmp_dim=\dimen143
\l__xeCJK_tmp_skip=\skip51
\g__xeCJK_space_factor_int=\count199
\l__xeCJK_begin_int=\count266
\l__xeCJK_end_int=\count267
\c__xeCJK_CJK_class_int=\XeTeXcharclass1
\c__xeCJK_FullLeft_class_int=\XeTeXcharclass2
\c__xeCJK_FullRight_class_int=\XeTeXcharclass3
\c__xeCJK_HalfLeft_class_int=\XeTeXcharclass4
\c__xeCJK_HalfRight_class_int=\XeTeXcharclass5
\c__xeCJK_NormalSpace_class_int=\XeTeXcharclass6
\c__xeCJK_CM_class_int=\XeTeXcharclass7
\c__xeCJK_HangulJamo_class_int=\XeTeXcharclass8
\l__xeCJK_last_skip=\skip52
\c__xeCJK_none_node=\count268
\g__xeCJK_node_int=\count269
\c__xeCJK_CJK_node_dim=\dimen144
\c__xeCJK_CJK-space_node_dim=\dimen145
\c__xeCJK_default_node_dim=\dimen146
\c__xeCJK_CJK-widow_node_dim=\dimen147
\c__xeCJK_normalspace_node_dim=\dimen148
\c__xeCJK_default-space_node_skip=\skip53
\l__xeCJK_ccglue_skip=\skip54
\l__xeCJK_ecglue_skip=\skip55
\l__xeCJK_punct_kern_skip=\skip56
\l__xeCJK_indent_box=\box54
\l__xeCJK_last_penalty_int=\count270
\l__xeCJK_last_bound_dim=\dimen149
\l__xeCJK_last_kern_dim=\dimen150
\l__xeCJK_widow_penalty_int=\count271

Package xtemplate Info: Declaring object type 'xeCJK/punctuation' taking 0
(xtemplate)             argument(s) on line 2396.

\l__xeCJK_fixed_punct_width_dim=\dimen151
\l__xeCJK_mixed_punct_width_dim=\dimen152
\l__xeCJK_middle_punct_width_dim=\dimen153
\l__xeCJK_fixed_margin_width_dim=\dimen154
\l__xeCJK_mixed_margin_width_dim=\dimen155
\l__xeCJK_middle_margin_width_dim=\dimen156
\l__xeCJK_bound_punct_width_dim=\dimen157
\l__xeCJK_bound_margin_width_dim=\dimen158
\l__xeCJK_margin_minimum_dim=\dimen159
\l__xeCJK_kerning_total_width_dim=\dimen160
\l__xeCJK_same_align_margin_dim=\dimen161
\l__xeCJK_different_align_margin_dim=\dimen162
\l__xeCJK_kerning_margin_width_dim=\dimen163
\l__xeCJK_kerning_margin_minimum_dim=\dimen164
\l__xeCJK_bound_dim=\dimen165
\l__xeCJK_reverse_bound_dim=\dimen166
\l__xeCJK_margin_dim=\dimen167
\l__xeCJK_minimum_bound_dim=\dimen168
\l__xeCJK_kerning_margin_dim=\dimen169
\g__xeCJK_family_int=\count272
\l__xeCJK_fam_int=\count273
\g__xeCJK_fam_allocation_int=\count274
\l__xeCJK_verb_case_int=\count275
\l__xeCJK_verb_exspace_skip=\skip57
 (c:/texlive/2023/texmf-dist/tex/latex/fontspec/fontspec.sty (c:/texlive/2023/texmf-dist/tex/latex/l3packages/xparse/xparse.sty
Package: xparse 2023-02-02 L3 Experimental document command parser
)
Package: fontspec 2022/01/15 v2.8a Font selection for XeLaTeX and LuaLaTeX
 (c:/texlive/2023/texmf-dist/tex/latex/fontspec/fontspec-xetex.sty
Package: fontspec-xetex 2022/01/15 v2.8a Font selection for XeLaTeX and LuaLaTeX
\l__fontspec_script_int=\count276
\l__fontspec_language_int=\count277
\l__fontspec_strnum_int=\count278
\l__fontspec_tmp_int=\count279
\l__fontspec_tmpa_int=\count280
\l__fontspec_tmpb_int=\count281
\l__fontspec_tmpc_int=\count282
\l__fontspec_em_int=\count283
\l__fontspec_emdef_int=\count284
\l__fontspec_strong_int=\count285
\l__fontspec_strongdef_int=\count286
\l__fontspec_tmpa_dim=\dimen170
\l__fontspec_tmpb_dim=\dimen171
\l__fontspec_tmpc_dim=\dimen172
 (c:/texlive/2023/texmf-dist/tex/latex/base/fontenc.sty
Package: fontenc 2021/04/29 v2.0v Standard LaTeX package
) (c:/texlive/2023/texmf-dist/tex/latex/fontspec/fontspec.cfg))) (c:/texlive/2023/texmf-dist/tex/xelatex/xecjk/xeCJK.cfg
File: xeCJK.cfg 2022/08/05 v3.9.1 Configuration file for xeCJK package
))
\ccwd=\dimen173
\l__ctex_ccglue_skip=\skip58
)
\l__ctex_ziju_dim=\dimen174
 (c:/texlive/2023/texmf-dist/tex/latex/zhnumber/zhnumber.sty
Package: zhnumber 2022/07/14 v3.0 Typesetting numbers with Chinese glyphs
\l__zhnum_scale_int=\count287
\l__zhnum_tmp_int=\count288
 (c:/texlive/2023/texmf-dist/tex/latex/zhnumber/zhnumber-utf8.cfg
File: zhnumber-utf8.cfg 2022/07/14 v3.0 Chinese numerals with UTF8 encoding
))
\l__ctex_heading_skip=\skip59
 (c:/texlive/2023/texmf-dist/tex/latex/ctex/scheme/ctex-scheme-chinese-book.def
File: ctex-scheme-chinese-book.def 2022/07/14 v2.5.10 Chinese scheme for book (CTEX)
 (c:/texlive/2023/texmf-dist/tex/latex/ctex/config/ctex-name-utf8.cfg
File: ctex-name-utf8.cfg 2022/07/14 v2.5.10 Caption with encoding UTF-8 (CTEX)
)) (c:/texlive/2023/texmf-dist/tex/latex/ctex/fontset/ctex-fontset-windows.def
File: ctex-fontset-windows.def 2022/07/14 v2.5.10 Windows fonts definition (CTEX)

Package fontspec Info: Could not resolve font "KaiTi/B" (it probably doesn't
(fontspec)             exist).


Package fontspec Info: Could not resolve font "SimHei/I" (it probably doesn't
(fontspec)             exist).


Package fontspec Info: Could not resolve font "SimSun/BI" (it probably doesn't
(fontspec)             exist).


Package fontspec Info: Font family 'SimSun(0)' created for font 'SimSun' with
(fontspec)             options
(fontspec)             [Script={CJK},BoldFont={SimHei},ItalicFont={KaiTi}].
(fontspec)              
(fontspec)              This font family consists of the following NFSS
(fontspec)             series/shapes:
(fontspec)              
(fontspec)             - 'normal' (m/n) with NFSS spec.:
(fontspec)             <->"SimSun/OT:script=hani;language=dflt;"
(fontspec)             - 'small caps'  (m/sc) with NFSS spec.: 
(fontspec)             - 'bold' (b/n) with NFSS spec.:
(fontspec)             <->"SimHei/OT:script=hani;language=dflt;"
(fontspec)             - 'bold small caps'  (b/sc) with NFSS spec.: 
(fontspec)             - 'italic' (m/it) with NFSS spec.:
(fontspec)             <->"KaiTi/OT:script=hani;language=dflt;"
(fontspec)             - 'italic small caps'  (m/scit) with NFSS spec.: 

)) (c:/texlive/2023/texmf-dist/tex/latex/ctex/config/ctex.cfg
File: ctex.cfg 2022/07/14 v2.5.10 Configuration file (CTEX)
) (c:/texlive/2023/texmf-dist/tex/latex/amsmath/amsmath.sty
Package: amsmath 2022/04/08 v2.17n AMS math features
\@mathmargin=\skip60

For additional information on amsmath, use the `?' option.
(c:/texlive/2023/texmf-dist/tex/latex/amsmath/amstext.sty
Package: amstext 2021/08/26 v2.01 AMS text
 (c:/texlive/2023/texmf-dist/tex/latex/amsmath/amsgen.sty
File: amsgen.sty 1999/11/30 v2.0 generic functions
\@emptytoks=\toks16
\ex@=\dimen175
)) (c:/texlive/2023/texmf-dist/tex/latex/amsmath/amsbsy.sty
Package: amsbsy 1999/11/29 v1.2d Bold Symbols
\pmbraise@=\dimen176
) (c:/texlive/2023/texmf-dist/tex/latex/amsmath/amsopn.sty
Package: amsopn 2022/04/08 v2.04 operator names
)
\inf@bad=\count289
LaTeX Info: Redefining \frac on input line 234.
\uproot@=\count290
\leftroot@=\count291
LaTeX Info: Redefining \overline on input line 399.
LaTeX Info: Redefining \colon on input line 410.
\classnum@=\count292
\DOTSCASE@=\count293
LaTeX Info: Redefining \ldots on input line 496.
LaTeX Info: Redefining \dots on input line 499.
LaTeX Info: Redefining \cdots on input line 620.
\Mathstrutbox@=\box55
\strutbox@=\box56
LaTeX Info: Redefining \big on input line 722.
LaTeX Info: Redefining \Big on input line 723.
LaTeX Info: Redefining \bigg on input line 724.
LaTeX Info: Redefining \Bigg on input line 725.
\big@size=\dimen177
LaTeX Font Info:    Redeclaring font encoding OML on input line 743.
LaTeX Font Info:    Redeclaring font encoding OMS on input line 744.
\macc@depth=\count294
LaTeX Info: Redefining \bmod on input line 905.
LaTeX Info: Redefining \pmod on input line 910.
LaTeX Info: Redefining \smash on input line 940.
LaTeX Info: Redefining \relbar on input line 970.
LaTeX Info: Redefining \Relbar on input line 971.
\c@MaxMatrixCols=\count295
\dotsspace@=\muskip17
\c@parentequation=\count296
\dspbrk@lvl=\count297
\tag@help=\toks17
\row@=\count298
\column@=\count299
\maxfields@=\count300
\andhelp@=\toks18
\eqnshift@=\dimen178
\alignsep@=\dimen179
\tagshift@=\dimen180
\tagwidth@=\dimen181
\totwidth@=\dimen182
\lineht@=\dimen183
\@envbody=\toks19
\multlinegap=\skip61
\multlinetaggap=\skip62
\mathdisplay@stack=\toks20
LaTeX Info: Redefining \[ on input line 2953.
LaTeX Info: Redefining \] on input line 2954.
) (c:/texlive/2023/texmf-dist/tex/latex/mathtools/mathtools.sty
Package: mathtools 2022/06/29 v1.29 mathematical typesetting tools
 (c:/texlive/2023/texmf-dist/tex/latex/graphics/keyval.sty
Package: keyval 2022/05/29 v1.15 key=value parser (DPC)
\KV@toks@=\toks21
) (c:/texlive/2023/texmf-dist/tex/latex/tools/calc.sty
Package: calc 2017/05/25 v4.3 Infix arithmetic (KKT,FJ)
\calc@Acount=\count301
\calc@Bcount=\count302
\calc@Adimen=\dimen184
\calc@Bdimen=\dimen185
\calc@Askip=\skip63
\calc@Bskip=\skip64
LaTeX Info: Redefining \setlength on input line 80.
LaTeX Info: Redefining \addtolength on input line 81.
\calc@Ccount=\count303
\calc@Cskip=\skip65
) (c:/texlive/2023/texmf-dist/tex/latex/mathtools/mhsetup.sty
Package: mhsetup 2021/03/18 v1.4 programming setup (MH)
)
\g_MT_multlinerow_int=\count304
\l_MT_multwidth_dim=\dimen186
\origjot=\skip66
\l_MT_shortvdotswithinadjustabove_dim=\dimen187
\l_MT_shortvdotswithinadjustbelow_dim=\dimen188
\l_MT_above_intertext_sep=\dimen189
\l_MT_below_intertext_sep=\dimen190
\l_MT_above_shortintertext_sep=\dimen191
\l_MT_below_shortintertext_sep=\dimen192
\xmathstrut@box=\box57
\xmathstrut@dim=\dimen193
) (c:/texlive/2023/texmf-dist/tex/latex/amsfonts/amssymb.sty
Package: amssymb 2013/01/14 v3.01 AMS font symbols
 (c:/texlive/2023/texmf-dist/tex/latex/amsfonts/amsfonts.sty
Package: amsfonts 2013/01/14 v3.01 Basic AMSFonts support
\symAMSa=\mathgroup4
\symAMSb=\mathgroup5
LaTeX Font Info:    Redeclaring math symbol \hbar on input line 98.
LaTeX Font Info:    Overwriting math alphabet `\mathfrak' in version `bold'
(Font)                  U/euf/m/n --> U/euf/b/n on input line 106.
)) (c:/texlive/2023/texmf-dist/tex/latex/geometry/geometry.sty
Package: geometry 2020/01/02 v5.9 Page Geometry
 (c:/texlive/2023/texmf-dist/tex/generic/iftex/ifvtex.sty
Package: ifvtex 2019/10/25 v1.7 ifvtex legacy package. Use iftex instead.
 (c:/texlive/2023/texmf-dist/tex/generic/iftex/iftex.sty
Package: iftex 2022/02/03 v1.0f TeX engine tests
))
\Gm@cnth=\count305
\Gm@cntv=\count306
\c@Gm@tempcnt=\count307
\Gm@bindingoffset=\dimen194
\Gm@wd@mp=\dimen195
\Gm@odd@mp=\dimen196
\Gm@even@mp=\dimen197
\Gm@layoutwidth=\dimen198
\Gm@layoutheight=\dimen199
\Gm@layouthoffset=\dimen256
\Gm@layoutvoffset=\dimen257
\Gm@dimlist=\toks22
) (c:/texlive/2023/texmf-dist/tex/latex/wrapfig/wrapfig.sty
\wrapoverhang=\dimen258
\WF@size=\dimen259
\c@WF@wrappedlines=\count308
\WF@box=\box58
\WF@everypar=\toks23
Package: wrapfig 2003/01/31  v 3.6
) (c:/texlive/2023/texmf-dist/tex/latex/graphics/graphicx.sty
Package: graphicx 2021/09/16 v1.2d Enhanced LaTeX Graphics (DPC,SPQR)
 (c:/texlive/2023/texmf-dist/tex/latex/graphics/graphics.sty
Package: graphics 2022/03/10 v1.4e Standard LaTeX Graphics (DPC,SPQR)
 (c:/texlive/2023/texmf-dist/tex/latex/graphics/trig.sty
Package: trig 2021/08/11 v1.11 sin cos tan (DPC)
) (c:/texlive/2023/texmf-dist/tex/latex/graphics-cfg/graphics.cfg
File: graphics.cfg 2016/06/04 v1.11 sample graphics configuration
)
Package graphics Info: Driver file: xetex.def on input line 107.
 (c:/texlive/2023/texmf-dist/tex/latex/graphics-def/xetex.def
File: xetex.def 2022/09/22 v5.0n Graphics/color driver for xetex
))
\Gin@req@height=\dimen260
\Gin@req@width=\dimen261
) (c:/texlive/2023/texmf-dist/tex/latex/mathtools/empheq.sty
Package: empheq 2017/03/31 v2.15 Emphasizing equations
\l_EQ_equationtype_int=\count309
\l_EQ_alignmentmode_int=\count310
\l_EQ_totalwidth_dim=\dimen262
\l_EQ_displaywidth_dim=\dimen263
\l_EQ_temp_linewidth_dim=\dimen264
\l_EQ_linewidth_dim=\dimen265
\EmphEqdelimitershortfall=\dimen266
\EmphEqdelimiterfactor=\count311
\g_EQ_toptag_height_dim=\dimen267
\g_EQ_bottomtag_depth_dim=\dimen268
\g_EQ_toprow_height_dim=\dimen269
\g_EQ_bottomrow_depth_dim=\dimen270
\g_EQ_widesttag_dim=\dimen271
\EQ_mathdisplay_box=\box59
\EQ_tag_box=\box60
\g_EQ_temprow_int=\count312
) (c:/texlive/2023/texmf-dist/tex/latex/psnfss/pifont.sty
Package: pifont 2020/03/25 PSNFSS-v9.3 Pi font support (SPQR) 
LaTeX Font Info:    Trying to load font information for U+pzd on input line 63.
 (c:/texlive/2023/texmf-dist/tex/latex/psnfss/upzd.fd
File: upzd.fd 2001/06/04 font definitions for U/pzd.
)
LaTeX Font Info:    Trying to load font information for U+psy on input line 64.
 (c:/texlive/2023/texmf-dist/tex/latex/psnfss/upsy.fd
File: upsy.fd 2001/06/04 font definitions for U/psy.
)) (c:/texlive/2023/texmf-dist/tex/latex/enumitem/enumitem.sty
Package: enumitem 2019/06/20 v3.9 Customized lists
\labelindent=\skip67
\enit@outerparindent=\dimen272
\enit@toks=\toks24
\enit@inbox=\box61
\enit@count@id=\count313
\enitdp@description=\count314
) (c:/texlive/2023/texmf-dist/tex/latex/was/upgreek.sty
Package: upgreek 2003/02/12 v2.0 (WaS)
Package upgreek Info: Using Euler Roman for upright Greek on input line 31.
\symugrf@m=\mathgroup6
LaTeX Font Info:    Overwriting symbol font `ugrf@m' in version `bold'
(Font)                  U/eur/m/n --> U/eur/b/n on input line 38.
) (c:/texlive/2023/texmf-dist/tex/latex/subfig/subfig.sty
Package: subfig 2005/06/28 ver: 1.3 subfig package
 (c:/texlive/2023/texmf-dist/tex/latex/caption/caption.sty
Package: caption 2023/03/12 v3.6j Customizing captions (AR)
 (c:/texlive/2023/texmf-dist/tex/latex/caption/caption3.sty
Package: caption3 2023/03/12 v2.4 caption3 kernel (AR)
\caption@tempdima=\dimen273
\captionmargin=\dimen274
\caption@leftmargin=\dimen275
\caption@rightmargin=\dimen276
\caption@width=\dimen277
\caption@indent=\dimen278
\caption@parindent=\dimen279
\caption@hangindent=\dimen280
Package caption Info: Standard document class detected.
)
\c@caption@flags=\count315
\c@continuedfloat=\count316
Package caption Info: wrapfig package is loaded.
)
\c@KVtest=\count317
\sf@farskip=\skip68
\sf@captopadj=\dimen281
\sf@capskip=\skip69
\sf@nearskip=\skip70
\c@subfigure=\count318
\c@subfigure@save=\count319
\c@lofdepth=\count320
\c@subtable=\count321
\c@subtable@save=\count322
\c@lotdepth=\count323
\sf@top=\skip71
\sf@bottom=\skip72
) (c:/texlive/2023/texmf-dist/tex/latex/pgf/frontendlayer/tikz.sty (c:/texlive/2023/texmf-dist/tex/latex/pgf/basiclayer/pgf.sty (c:/texlive/2023/texmf-dist/tex/latex/pgf/utilities/pgfrcs.sty (c:/texlive/2023/texmf-dist/tex/generic/pgf/utilities/pgfutil-common.tex
\pgfutil@everybye=\toks25
\pgfutil@tempdima=\dimen282
\pgfutil@tempdimb=\dimen283
) (c:/texlive/2023/texmf-dist/tex/generic/pgf/utilities/pgfutil-latex.def
\pgfutil@abb=\box62
) (c:/texlive/2023/texmf-dist/tex/generic/pgf/utilities/pgfrcs.code.tex (c:/texlive/2023/texmf-dist/tex/generic/pgf/pgf.revision.tex)
Package: pgfrcs 2023-01-15 v3.1.10 (3.1.10)
))
Package: pgf 2023-01-15 v3.1.10 (3.1.10)
 (c:/texlive/2023/texmf-dist/tex/latex/pgf/basiclayer/pgfcore.sty (c:/texlive/2023/texmf-dist/tex/latex/pgf/systemlayer/pgfsys.sty (c:/texlive/2023/texmf-dist/tex/generic/pgf/systemlayer/pgfsys.code.tex
Package: pgfsys 2023-01-15 v3.1.10 (3.1.10)
 (c:/texlive/2023/texmf-dist/tex/generic/pgf/utilities/pgfkeys.code.tex
\pgfkeys@pathtoks=\toks26
\pgfkeys@temptoks=\toks27
 (c:/texlive/2023/texmf-dist/tex/generic/pgf/utilities/pgfkeyslibraryfiltered.code.tex
\pgfkeys@tmptoks=\toks28
))
\pgf@x=\dimen284
\pgf@y=\dimen285
\pgf@xa=\dimen286
\pgf@ya=\dimen287
\pgf@xb=\dimen288
\pgf@yb=\dimen289
\pgf@xc=\dimen290
\pgf@yc=\dimen291
\pgf@xd=\dimen292
\pgf@yd=\dimen293
\w@pgf@writea=\write3
\r@pgf@reada=\read2
\c@pgf@counta=\count324
\c@pgf@countb=\count325
\c@pgf@countc=\count326
\c@pgf@countd=\count327
\t@pgf@toka=\toks29
\t@pgf@tokb=\toks30
\t@pgf@tokc=\toks31
\pgf@sys@id@count=\count328
 (c:/texlive/2023/texmf-dist/tex/generic/pgf/systemlayer/pgf.cfg
File: pgf.cfg 2023-01-15 v3.1.10 (3.1.10)
)
Driver file for pgf: pgfsys-xetex.def
 (c:/texlive/2023/texmf-dist/tex/generic/pgf/systemlayer/pgfsys-xetex.def
File: pgfsys-xetex.def 2023-01-15 v3.1.10 (3.1.10)
 (c:/texlive/2023/texmf-dist/tex/generic/pgf/systemlayer/pgfsys-dvipdfmx.def
File: pgfsys-dvipdfmx.def 2023-01-15 v3.1.10 (3.1.10)
 (c:/texlive/2023/texmf-dist/tex/generic/pgf/systemlayer/pgfsys-common-pdf.def
File: pgfsys-common-pdf.def 2023-01-15 v3.1.10 (3.1.10)
)
\pgfsys@objnum=\count329
))) (c:/texlive/2023/texmf-dist/tex/generic/pgf/systemlayer/pgfsyssoftpath.code.tex
File: pgfsyssoftpath.code.tex 2023-01-15 v3.1.10 (3.1.10)
\pgfsyssoftpath@smallbuffer@items=\count330
\pgfsyssoftpath@bigbuffer@items=\count331
) (c:/texlive/2023/texmf-dist/tex/generic/pgf/systemlayer/pgfsysprotocol.code.tex
File: pgfsysprotocol.code.tex 2023-01-15 v3.1.10 (3.1.10)
)) (c:/texlive/2023/texmf-dist/tex/latex/xcolor/xcolor.sty
Package: xcolor 2022/06/12 v2.14 LaTeX color extensions (UK)
 (c:/texlive/2023/texmf-dist/tex/latex/graphics-cfg/color.cfg
File: color.cfg 2016/01/02 v1.6 sample color configuration
)
Package xcolor Info: Driver file: xetex.def on input line 227.
 (c:/texlive/2023/texmf-dist/tex/latex/graphics/mathcolor.ltx)
Package xcolor Info: Model `cmy' substituted by `cmy0' on input line 1353.
Package xcolor Info: Model `RGB' extended on input line 1369.
Package xcolor Info: Model `HTML' substituted by `rgb' on input line 1371.
Package xcolor Info: Model `Hsb' substituted by `hsb' on input line 1372.
Package xcolor Info: Model `tHsb' substituted by `hsb' on input line 1373.
Package xcolor Info: Model `HSB' substituted by `hsb' on input line 1374.
Package xcolor Info: Model `Gray' substituted by `gray' on input line 1375.
Package xcolor Info: Model `wave' substituted by `hsb' on input line 1376.
) (c:/texlive/2023/texmf-dist/tex/generic/pgf/basiclayer/pgfcore.code.tex
Package: pgfcore 2023-01-15 v3.1.10 (3.1.10)
 (c:/texlive/2023/texmf-dist/tex/generic/pgf/math/pgfmath.code.tex (c:/texlive/2023/texmf-dist/tex/generic/pgf/math/pgfmathutil.code.tex) (c:/texlive/2023/texmf-dist/tex/generic/pgf/math/pgfmathparser.code.tex
\pgfmath@dimen=\dimen294
\pgfmath@count=\count332
\pgfmath@box=\box63
\pgfmath@toks=\toks32
\pgfmath@stack@operand=\toks33
\pgfmath@stack@operation=\toks34
) (c:/texlive/2023/texmf-dist/tex/generic/pgf/math/pgfmathfunctions.code.tex) (c:/texlive/2023/texmf-dist/tex/generic/pgf/math/pgfmathfunctions.basic.code.tex) (c:/texlive/2023/texmf-dist/tex/generic/pgf/math/pgfmathfunctions.trigonometric.code.tex) (c:/texlive/2023/texmf-dist/tex/generic/pgf/math/pgfmathfunctions.random.code.tex) (c:/texlive/2023/texmf-dist/tex/generic/pgf/math/pgfmathfunctions.comparison.code.tex) (c:/texlive/2023/texmf-dist/tex/generic/pgf/math/pgfmathfunctions.base.code.tex) (c:/texlive/2023/texmf-dist/tex/generic/pgf/math/pgfmathfunctions.round.code.tex) (c:/texlive/2023/texmf-dist/tex/generic/pgf/math/pgfmathfunctions.misc.code.tex) (c:/texlive/2023/texmf-dist/tex/generic/pgf/math/pgfmathfunctions.integerarithmetics.code.tex) (c:/texlive/2023/texmf-dist/tex/generic/pgf/math/pgfmathcalc.code.tex) (c:/texlive/2023/texmf-dist/tex/generic/pgf/math/pgfmathfloat.code.tex
\c@pgfmathroundto@lastzeros=\count333
)) (c:/texlive/2023/texmf-dist/tex/generic/pgf/math/pgfint.code.tex) (c:/texlive/2023/texmf-dist/tex/generic/pgf/basiclayer/pgfcorepoints.code.tex
File: pgfcorepoints.code.tex 2023-01-15 v3.1.10 (3.1.10)
\pgf@picminx=\dimen295
\pgf@picmaxx=\dimen296
\pgf@picminy=\dimen297
\pgf@picmaxy=\dimen298
\pgf@pathminx=\dimen299
\pgf@pathmaxx=\dimen300
\pgf@pathminy=\dimen301
\pgf@pathmaxy=\dimen302
\pgf@xx=\dimen303
\pgf@xy=\dimen304
\pgf@yx=\dimen305
\pgf@yy=\dimen306
\pgf@zx=\dimen307
\pgf@zy=\dimen308
) (c:/texlive/2023/texmf-dist/tex/generic/pgf/basiclayer/pgfcorepathconstruct.code.tex
File: pgfcorepathconstruct.code.tex 2023-01-15 v3.1.10 (3.1.10)
\pgf@path@lastx=\dimen309
\pgf@path@lasty=\dimen310
) (c:/texlive/2023/texmf-dist/tex/generic/pgf/basiclayer/pgfcorepathusage.code.tex
File: pgfcorepathusage.code.tex 2023-01-15 v3.1.10 (3.1.10)
\pgf@shorten@end@additional=\dimen311
\pgf@shorten@start@additional=\dimen312
) (c:/texlive/2023/texmf-dist/tex/generic/pgf/basiclayer/pgfcorescopes.code.tex
File: pgfcorescopes.code.tex 2023-01-15 v3.1.10 (3.1.10)
\pgfpic=\box64
\pgf@hbox=\box65
\pgf@layerbox@main=\box66
\pgf@picture@serial@count=\count334
) (c:/texlive/2023/texmf-dist/tex/generic/pgf/basiclayer/pgfcoregraphicstate.code.tex
File: pgfcoregraphicstate.code.tex 2023-01-15 v3.1.10 (3.1.10)
\pgflinewidth=\dimen313
) (c:/texlive/2023/texmf-dist/tex/generic/pgf/basiclayer/pgfcoretransformations.code.tex
File: pgfcoretransformations.code.tex 2023-01-15 v3.1.10 (3.1.10)
\pgf@pt@x=\dimen314
\pgf@pt@y=\dimen315
\pgf@pt@temp=\dimen316
) (c:/texlive/2023/texmf-dist/tex/generic/pgf/basiclayer/pgfcorequick.code.tex
File: pgfcorequick.code.tex 2023-01-15 v3.1.10 (3.1.10)
) (c:/texlive/2023/texmf-dist/tex/generic/pgf/basiclayer/pgfcoreobjects.code.tex
File: pgfcoreobjects.code.tex 2023-01-15 v3.1.10 (3.1.10)
) (c:/texlive/2023/texmf-dist/tex/generic/pgf/basiclayer/pgfcorepathprocessing.code.tex
File: pgfcorepathprocessing.code.tex 2023-01-15 v3.1.10 (3.1.10)
) (c:/texlive/2023/texmf-dist/tex/generic/pgf/basiclayer/pgfcorearrows.code.tex
File: pgfcorearrows.code.tex 2023-01-15 v3.1.10 (3.1.10)
\pgfarrowsep=\dimen317
) (c:/texlive/2023/texmf-dist/tex/generic/pgf/basiclayer/pgfcoreshade.code.tex
File: pgfcoreshade.code.tex 2023-01-15 v3.1.10 (3.1.10)
\pgf@max=\dimen318
\pgf@sys@shading@range@num=\count335
\pgf@shadingcount=\count336
) (c:/texlive/2023/texmf-dist/tex/generic/pgf/basiclayer/pgfcoreimage.code.tex
File: pgfcoreimage.code.tex 2023-01-15 v3.1.10 (3.1.10)
) (c:/texlive/2023/texmf-dist/tex/generic/pgf/basiclayer/pgfcoreexternal.code.tex
File: pgfcoreexternal.code.tex 2023-01-15 v3.1.10 (3.1.10)
\pgfexternal@startupbox=\box67
) (c:/texlive/2023/texmf-dist/tex/generic/pgf/basiclayer/pgfcorelayers.code.tex
File: pgfcorelayers.code.tex 2023-01-15 v3.1.10 (3.1.10)
) (c:/texlive/2023/texmf-dist/tex/generic/pgf/basiclayer/pgfcoretransparency.code.tex
File: pgfcoretransparency.code.tex 2023-01-15 v3.1.10 (3.1.10)
) (c:/texlive/2023/texmf-dist/tex/generic/pgf/basiclayer/pgfcorepatterns.code.tex
File: pgfcorepatterns.code.tex 2023-01-15 v3.1.10 (3.1.10)
) (c:/texlive/2023/texmf-dist/tex/generic/pgf/basiclayer/pgfcorerdf.code.tex
File: pgfcorerdf.code.tex 2023-01-15 v3.1.10 (3.1.10)
))) (c:/texlive/2023/texmf-dist/tex/generic/pgf/modules/pgfmoduleshapes.code.tex
File: pgfmoduleshapes.code.tex 2023-01-15 v3.1.10 (3.1.10)
\pgfnodeparttextbox=\box68
) (c:/texlive/2023/texmf-dist/tex/generic/pgf/modules/pgfmoduleplot.code.tex
File: pgfmoduleplot.code.tex 2023-01-15 v3.1.10 (3.1.10)
) (c:/texlive/2023/texmf-dist/tex/latex/pgf/compatibility/pgfcomp-version-0-65.sty
Package: pgfcomp-version-0-65 2023-01-15 v3.1.10 (3.1.10)
\pgf@nodesepstart=\dimen319
\pgf@nodesepend=\dimen320
) (c:/texlive/2023/texmf-dist/tex/latex/pgf/compatibility/pgfcomp-version-1-18.sty
Package: pgfcomp-version-1-18 2023-01-15 v3.1.10 (3.1.10)
)) (c:/texlive/2023/texmf-dist/tex/latex/pgf/utilities/pgffor.sty (c:/texlive/2023/texmf-dist/tex/latex/pgf/utilities/pgfkeys.sty (c:/texlive/2023/texmf-dist/tex/generic/pgf/utilities/pgfkeys.code.tex)) (c:/texlive/2023/texmf-dist/tex/latex/pgf/math/pgfmath.sty (c:/texlive/2023/texmf-dist/tex/generic/pgf/math/pgfmath.code.tex)) (c:/texlive/2023/texmf-dist/tex/generic/pgf/utilities/pgffor.code.tex
Package: pgffor 2023-01-15 v3.1.10 (3.1.10)
\pgffor@iter=\dimen321
\pgffor@skip=\dimen322
\pgffor@stack=\toks35
\pgffor@toks=\toks36
)) (c:/texlive/2023/texmf-dist/tex/generic/pgf/frontendlayer/tikz/tikz.code.tex
Package: tikz 2023-01-15 v3.1.10 (3.1.10)
 (c:/texlive/2023/texmf-dist/tex/generic/pgf/libraries/pgflibraryplothandlers.code.tex
File: pgflibraryplothandlers.code.tex 2023-01-15 v3.1.10 (3.1.10)
\pgf@plot@mark@count=\count337
\pgfplotmarksize=\dimen323
)
\tikz@lastx=\dimen324
\tikz@lasty=\dimen325
\tikz@lastxsaved=\dimen326
\tikz@lastysaved=\dimen327
\tikz@lastmovetox=\dimen328
\tikz@lastmovetoy=\dimen329
\tikzleveldistance=\dimen330
\tikzsiblingdistance=\dimen331
\tikz@figbox=\box69
\tikz@figbox@bg=\box70
\tikz@tempbox=\box71
\tikz@tempbox@bg=\box72
\tikztreelevel=\count338
\tikznumberofchildren=\count339
\tikznumberofcurrentchild=\count340
\tikz@fig@count=\count341
 (c:/texlive/2023/texmf-dist/tex/generic/pgf/modules/pgfmodulematrix.code.tex
File: pgfmodulematrix.code.tex 2023-01-15 v3.1.10 (3.1.10)
\pgfmatrixcurrentrow=\count342
\pgfmatrixcurrentcolumn=\count343
\pgf@matrix@numberofcolumns=\count344
)
\tikz@expandcount=\count345
 (c:/texlive/2023/texmf-dist/tex/generic/pgf/frontendlayer/tikz/libraries/tikzlibrarytopaths.code.tex
File: tikzlibrarytopaths.code.tex 2023-01-15 v3.1.10 (3.1.10)
)))
\c@exam=\count346
 (c:/texlive/2023/texmf-dist/tex/latex/bigfoot/perpage.sty
Package: perpage 2014/10/25 2.0 Reset/sort counters per page
\c@abspage=\count347
)
\c@pp@a@footnote=\count348

No file 高中物理学（原稿）.aux.
\openout1 = `高中物理学（原稿）.aux'.

LaTeX Font Info:    Checking defaults for OML/cmm/m/it on input line 28.
LaTeX Font Info:    ... okay on input line 28.
LaTeX Font Info:    Checking defaults for OMS/cmsy/m/n on input line 28.
LaTeX Font Info:    ... okay on input line 28.
LaTeX Font Info:    Checking defaults for OT1/cmr/m/n on input line 28.
LaTeX Font Info:    ... okay on input line 28.
LaTeX Font Info:    Checking defaults for T1/cmr/m/n on input line 28.
LaTeX Font Info:    ... okay on input line 28.
LaTeX Font Info:    Checking defaults for TS1/cmr/m/n on input line 28.
LaTeX Font Info:    ... okay on input line 28.
LaTeX Font Info:    Checking defaults for TU/lmr/m/n on input line 28.
LaTeX Font Info:    ... okay on input line 28.
LaTeX Font Info:    Checking defaults for OMX/cmex/m/n on input line 28.
LaTeX Font Info:    ... okay on input line 28.
LaTeX Font Info:    Checking defaults for U/cmr/m/n on input line 28.
LaTeX Font Info:    ... okay on input line 28.

Package fontspec Info: Adjusting the maths setup (use [no-math] to avoid
(fontspec)             this).

\symlegacymaths=\mathgroup7
LaTeX Font Info:    Overwriting symbol font `legacymaths' in version `bold'
(Font)                  OT1/cmr/m/n --> OT1/cmr/bx/n on input line 28.
LaTeX Font Info:    Redeclaring math accent \acute on input line 28.
LaTeX Font Info:    Redeclaring math accent \grave on input line 28.
LaTeX Font Info:    Redeclaring math accent \ddot on input line 28.
LaTeX Font Info:    Redeclaring math accent \tilde on input line 28.
LaTeX Font Info:    Redeclaring math accent \bar on input line 28.
LaTeX Font Info:    Redeclaring math accent \breve on input line 28.
LaTeX Font Info:    Redeclaring math accent \check on input line 28.
LaTeX Font Info:    Redeclaring math accent \hat on input line 28.
LaTeX Font Info:    Redeclaring math accent \dot on input line 28.
LaTeX Font Info:    Redeclaring math accent \mathring on input line 28.
LaTeX Font Info:    Redeclaring math symbol \Gamma on input line 28.
LaTeX Font Info:    Redeclaring math symbol \Delta on input line 28.
LaTeX Font Info:    Redeclaring math symbol \Theta on input line 28.
LaTeX Font Info:    Redeclaring math symbol \Lambda on input line 28.
LaTeX Font Info:    Redeclaring math symbol \Xi on input line 28.
LaTeX Font Info:    Redeclaring math symbol \Pi on input line 28.
LaTeX Font Info:    Redeclaring math symbol \Sigma on input line 28.
LaTeX Font Info:    Redeclaring math symbol \Upsilon on input line 28.
LaTeX Font Info:    Redeclaring math symbol \Phi on input line 28.
LaTeX Font Info:    Redeclaring math symbol \Psi on input line 28.
LaTeX Font Info:    Redeclaring math symbol \Omega on input line 28.
LaTeX Font Info:    Redeclaring math symbol \mathdollar on input line 28.
LaTeX Font Info:    Redeclaring symbol font `operators' on input line 28.
LaTeX Font Info:    Encoding `OT1' has changed to `TU' for symbol font
(Font)              `operators' in the math version `normal' on input line 28.
LaTeX Font Info:    Overwriting symbol font `operators' in version `normal'
(Font)                  OT1/cmr/m/n --> TU/lmr/m/n on input line 28.
LaTeX Font Info:    Encoding `OT1' has changed to `TU' for symbol font
(Font)              `operators' in the math version `bold' on input line 28.
LaTeX Font Info:    Overwriting symbol font `operators' in version `bold'
(Font)                  OT1/cmr/bx/n --> TU/lmr/m/n on input line 28.
LaTeX Font Info:    Overwriting symbol font `operators' in version `normal'
(Font)                  TU/lmr/m/n --> TU/lmr/m/n on input line 28.
LaTeX Font Info:    Overwriting math alphabet `\mathit' in version `normal'
(Font)                  OT1/cmr/m/it --> TU/lmr/m/it on input line 28.
LaTeX Font Info:    Overwriting math alphabet `\mathbf' in version `normal'
(Font)                  OT1/cmr/bx/n --> TU/lmr/b/n on input line 28.
LaTeX Font Info:    Overwriting math alphabet `\mathsf' in version `normal'
(Font)                  OT1/cmss/m/n --> TU/lmss/m/n on input line 28.
LaTeX Font Info:    Overwriting math alphabet `\mathtt' in version `normal'
(Font)                  OT1/cmtt/m/n --> TU/lmtt/m/n on input line 28.
LaTeX Font Info:    Overwriting symbol font `operators' in version `bold'
(Font)                  TU/lmr/m/n --> TU/lmr/b/n on input line 28.
LaTeX Font Info:    Overwriting math alphabet `\mathit' in version `bold'
(Font)                  OT1/cmr/bx/it --> TU/lmr/b/it on input line 28.
LaTeX Font Info:    Overwriting math alphabet `\mathsf' in version `bold'
(Font)                  OT1/cmss/bx/n --> TU/lmss/b/n on input line 28.
LaTeX Font Info:    Overwriting math alphabet `\mathtt' in version `bold'
(Font)                  OT1/cmtt/m/n --> TU/lmtt/b/n on input line 28.
*geometry* driver: auto-detecting
*geometry* detected driver: xetex
*geometry* verbose mode - [ preamble ] result:
* driver: xetex
* paper: a4paper
* layout: <same size as paper>
* layoutoffset:(h,v)=(0.0pt,0.0pt)
* modes: twoside 
* h-part:(L,W,R)=(28.45274pt, 543.44783pt, 25.6073pt)
* v-part:(T,H,B)=(56.9055pt, 734.08128pt, 54.06006pt)
* \paperwidth=597.50787pt
* \paperheight=845.04684pt
* \textwidth=543.44783pt
* \textheight=734.08128pt
* \oddsidemargin=-43.81725pt
* \evensidemargin=-46.66269pt
* \topmargin=-47.23828pt
* \headheight=12.0pt
* \headsep=19.8738pt
* \topskip=11.0pt
* \footskip=27.46295pt
* \marginparwidth=106.0pt
* \marginparsep=7.0pt
* \columnsep=10.0pt
* \skip\footins=10.0pt plus 4.0pt minus 2.0pt
* \hoffset=0.0pt
* \voffset=0.0pt
* \mag=1000
* \@twocolumnfalse
* \@twosidetrue
* \@mparswitchtrue
* \@reversemarginfalse
* (1in=72.27pt=25.4mm, 1cm=28.453pt)

\Hy@linkcounter=\count349
Package caption Info: Begin \AtBeginDocument code.
Package caption Info: subfig package v1.3 is loaded.
Package caption Info: End \AtBeginDocument code.
LaTeX Font Info:    Trying to load font information for U+msa on input line 29.
(c:/texlive/2023/texmf-dist/tex/latex/amsfonts/umsa.fd
File: umsa.fd 2013/01/14 v3.01 AMS symbols A
)
LaTeX Font Info:    Trying to load font information for U+msb on input line 29.
 (c:/texlive/2023/texmf-dist/tex/latex/amsfonts/umsb.fd
File: umsb.fd 2013/01/14 v3.01 AMS symbols B
) [1


]
No file 高中物理学（原稿）.toc.
\tf@toc=\write4
\openout4 = `高中物理学（原稿）.toc'.

[1

]
LaTeX Font Info:    Font shape `TU/SimSun(0)/m/sl' in size <10.95> not available
(Font)              Font shape `TU/SimSun(0)/m/it' tried instead on input line 38.
 [2

] [3] [4]
第一章

Underfull \vbox (badness 1048) has occurred while \output is active []

 [5

]

LaTeX Warning: Reference `时间轴' on page 6 undefined on input line 110.

File: pic/1-10.pdf Graphic file (type pdf)
<use pic/1-10.pdf>
[6] [7] [8] [9] [10]

Package fontspec Info: Could not resolve font "KaiTi/BI" (it probably doesn't
(fontspec)             exist).


Package fontspec Info: Could not resolve font "KaiTi/B" (it probably doesn't
(fontspec)             exist).


Package fontspec Info: Could not resolve font "KaiTi/I" (it probably doesn't
(fontspec)             exist).


Package fontspec Info: Font family 'KaiTi(0)' created for font 'KaiTi' with
(fontspec)             options [Script={CJK}].
(fontspec)              
(fontspec)              This font family consists of the following NFSS
(fontspec)             series/shapes:
(fontspec)              
(fontspec)             - 'normal' (m/n) with NFSS spec.:
(fontspec)             <->"KaiTi/OT:script=hani;language=dflt;"
(fontspec)             - 'small caps'  (m/sc) with NFSS spec.: 

 [11] [12]
第二章
[13

]

LaTeX Warning: Reference `匀直A' on page 14 undefined on input line 387.


LaTeX Warning: Reference `匀加A' on page 14 undefined on input line 397.


LaTeX Warning: Reference `匀减A' on page 14 undefined on input line 399.


LaTeX Warning: Reference `加速度的定义' on page 14 undefined on input line 404.

File: pic/2.1-B.pdf Graphic file (type pdf)
<use pic/2.1-B.pdf>
File: pic/2.1-A.pdf Graphic file (type pdf)
<use pic/2.1-A.pdf>
File: pic/2.1-C.pdf Graphic file (type pdf)
<use pic/2.1-C.pdf>

LaTeX Warning: Reference `速度与时间的关系' on page 14 undefined on input line 432.


LaTeX Warning: Reference `速度与时间的关系' on page 14 undefined on input line 432.


LaTeX Warning: Reference `速度与时间的关系' on page 14 undefined on input line 433.


LaTeX Warning: Reference `v-t图' on page 14 undefined on input line 433.

[14]

LaTeX Warning: Reference `速度与时间的关系' on page 15 undefined on input line 435.


LaTeX Warning: Reference `速度与时间的关系' on page 15 undefined on input line 439.

File: pic/2-1.pdf Graphic file (type pdf)
<use pic/2-1.pdf>

LaTeX Warning: Reference `v-t图' on page 15 undefined on input line 475.


LaTeX Warning: Reference `速度与时间的关系' on page 15 undefined on input line 480.


LaTeX Warning: Reference `位移与时间的关系' on page 15 undefined on input line 480.

[15]

LaTeX Warning: Reference `万有引力章' on page 16 undefined on input line 522.


Underfull \vbox (badness 4108) has occurred while \output is active []

 [16]

LaTeX Warning: Reference `速度与时间的关系' on page 17 undefined on input line 528.


LaTeX Warning: Reference `位移与时间的关系' on page 17 undefined on input line 528.


LaTeX Warning: Reference `速度与时间的关系' on page 17 undefined on input line 551.


LaTeX Warning: Reference `位移与时间的关系' on page 17 undefined on input line 561.

[17]

LaTeX Warning: Reference `竖直上抛1' on page 18 undefined on input line 569.


LaTeX Warning: Reference `竖直上抛2' on page 18 undefined on input line 575.


LaTeX Warning: Reference `竖直上抛3' on page 18 undefined on input line 575.


LaTeX Warning: Reference `竖直上抛2' on page 18 undefined on input line 579.


LaTeX Warning: Reference `竖直上抛v-t' on page 18 undefined on input line 581.


LaTeX Warning: Reference `竖直上抛1' on page 18 undefined on input line 582.

File: pic/2-2.pdf Graphic file (type pdf)
<use pic/2-2.pdf>
File: pic/2-3.pdf Graphic file (type pdf)
<use pic/2-3.pdf>

LaTeX Warning: Reference `竖直上抛图' on page 18 undefined on input line 608.


Underfull \vbox (badness 3078) has occurred while \output is active []

 [18]

LaTeX Warning: Reference `刹车v-t' on page 19 undefined on input line 620.

File: pic/2-4.pdf Graphic file (type pdf)
<use pic/2-4.pdf>
File: pic/2-5.pdf Graphic file (type pdf)
<use pic/2-5.pdf>

LaTeX Warning: Reference `速度与时间的关系' on page 19 undefined on input line 640.


LaTeX Warning: Reference `速度与位移的关系' on page 19 undefined on input line 644.

[19]

LaTeX Warning: Reference `刹车v-t2' on page 20 undefined on input line 656.


LaTeX Warning: Reference `速度节' on page 20 undefined on input line 688.


Underfull \vbox (badness 8094) has occurred while \output is active []

 [20]

LaTeX Warning: Reference `平均速度' on page 21 undefined on input line 698.


LaTeX Warning: Reference `速度与时间的关系' on page 21 undefined on input line 709.


LaTeX Warning: Reference `pjsd1' on page 21 undefined on input line 712.

File: pic/2-10.pdf Graphic file (type pdf)
<use pic/2-10.pdf>
File: pic/2-11.pdf Graphic file (type pdf)
<use pic/2-11.pdf>

LaTeX Warning: Reference `中央时刻的瞬时速度' on page 21 undefined on input line 734.


LaTeX Warning: Reference `速度与时间的关系' on page 21 undefined on input line 737.

[21]

LaTeX Warning: Reference `中央位移' on page 22 undefined on input line 742.


LaTeX Warning: Reference `速度与位移的关系' on page 22 undefined on input line 747.


LaTeX Warning: Reference `速度增量与时间间隔的关系' on page 22 undefined on input line 770.

[22]

LaTeX Warning: Reference `速度与时间的关系' on page 23 undefined on input line 799.


LaTeX Warning: Reference `位移与时间的关系' on page 23 undefined on input line 800.

[23] [24]

LaTeX Warning: Reference `无初速度的x-t关系' on page 25 undefined on input line 866.


LaTeX Warning: Reference `逐差法' on page 25 undefined on input line 873.

[25] [26

]
第三章

Underfull \vbox (badness 1325) has occurred while \output is active []

 [27] [28]
Underfull \vbox (badness 4954) has occurred while \output is active []

 [29]
File: pic/2-20.pdf Graphic file (type pdf)
<use pic/2-20.pdf>


LaTeX Warning: Reference `斜面1' on page 30 undefined on input line 1053.

[30]
File: pic/3-1.pdf Graphic file (type pdf)
<use pic/3-1.pdf>
File: pic/3-2.pdf Graphic file (type pdf)
<use pic/3-2.pdf>


LaTeX Warning: Reference `平行四边形定则' on page 31 undefined on input line 1121.

[31]

LaTeX Warning: Reference `平行四边形定则' on page 32 undefined on input line 1136.


LaTeX Warning: Reference `三角形' on page 32 undefined on input line 1137.

[32]
File: pic/2-21.pdf Graphic file (type pdf)
<use pic/2-21.pdf>
File: pic/2-22.pdf Graphic file (type pdf)
<use pic/2-22.pdf>
File: pic/2-24.pdf Graphic file (type pdf)
<use pic/2-24.pdf>
File: pic/3-3.pdf Graphic file (type pdf)
<use pic/3-3.pdf>


LaTeX Warning: Reference `三角形' on page 33 undefined on input line 1219.


LaTeX Warning: Reference `三角形2' on page 33 undefined on input line 1221.


LaTeX Warning: Reference `三角形2' on page 33 undefined on input line 1223.


LaTeX Warning: Reference `斜面物块问题' on page 33 undefined on input line 1232.


LaTeX Warning: Reference `斜面2' on page 33 undefined on input line 1233.


LaTeX Warning: Reference `斜面3' on page 33 undefined on input line 1233.


Underfull \vbox (badness 3690) has occurred while \output is active []

 [33]

LaTeX Warning: Reference `斜面5' on page 34 undefined on input line 1245.

[34]
第四章

LaTeX Warning: Reference `伽利略的理想实验' on page 35 undefined on input line 1284.

File: pic/R-C.png Graphic file (type bmp)
<pic/R-C.png>

Underfull \vbox (badness 4096) has occurred while \output is active []

 [35

]

LaTeX Warning: Reference `万有引力章' on page 36 undefined on input line 1345.

[36]

LaTeX Warning: Reference `牛顿2' on page 37 undefined on input line 1399.

[37]
Underfull \vbox (badness 2343) has occurred while \output is active []

 [38]

LaTeX Warning: Reference `下蹲1' on page 39 undefined on input line 1478.


LaTeX Warning: Reference `下蹲2' on page 39 undefined on input line 1492.

File: pic/4-10.pdf Graphic file (type pdf)
<use pic/4-10.pdf>
File: pic/4-11.pdf Graphic file (type pdf)
<use pic/4-11.pdf>
[39]

LaTeX Warning: Reference `电梯例题' on page 40 undefined on input line 1536.


LaTeX Warning: Reference `电梯例题' on page 40 undefined on input line 1537.

[40] [41] [42

]
第五章

Underfull \vbox (badness 10000) has occurred while \output is active []

 [43]
File: pic/5-1.pdf Graphic file (type pdf)
<use pic/5-1.pdf>


LaTeX Warning: Reference `小船过河-0' on page 44 undefined on input line 1630.


LaTeX Warning: Reference `小船过河-0' on page 44 undefined on input line 1645.


LaTeX Warning: Reference `小船过河-0' on page 44 undefined on input line 1648.

[44]
File: pic/pic5.pdf Graphic file (type pdf)
<use pic/pic5.pdf>
File: pic/pic6.pdf Graphic file (type pdf)
<use pic/pic6.pdf>
File: pic/pic7.pdf Graphic file (type pdf)
<use pic/pic7.pdf>


LaTeX Warning: Reference `小船过河1' on page 45 undefined on input line 1718.

[45]

LaTeX Warning: Reference `小船过河2' on page 46 undefined on input line 1734.


LaTeX Warning: Reference `小船过河2' on page 46 undefined on input line 1742.


LaTeX Warning: Reference `小船过河3' on page 46 undefined on input line 1748.


LaTeX Warning: Reference `小船过河3' on page 46 undefined on input line 1751.

[46] [47] [48

]
第六章
File: pic/4-1.pdf Graphic file (type pdf)
<use pic/4-1.pdf>

Underfull \vbox (badness 10000) has occurred while \output is active []

 [49]

LaTeX Warning: Reference `平抛运动1' on page 50 undefined on input line 1807.


LaTeX Warning: Reference `平抛运动1' on page 50 undefined on input line 1820.


LaTeX Warning: Reference `平抛运动1' on page 50 undefined on input line 1825.

File: pic/4-2.pdf Graphic file (type pdf)
<use pic/4-2.pdf>

LaTeX Warning: Reference `水平位移' on page 50 undefined on input line 1859.


LaTeX Warning: Reference `竖直位移' on page 50 undefined on input line 1859.

[50]

LaTeX Warning: Reference `水平位移' on page 51 undefined on input line 1864.


LaTeX Warning: Reference `竖直位移' on page 51 undefined on input line 1864.


LaTeX Warning: Reference `平抛运动2' on page 51 undefined on input line 1866.


LaTeX Warning: Reference `速度偏转角' on page 51 undefined on input line 1877.


LaTeX Warning: Reference `位移偏转角' on page 51 undefined on input line 1877.


LaTeX Warning: Reference `水平位移' on page 51 undefined on input line 1888.


LaTeX Warning: Reference `竖直位移' on page 51 undefined on input line 1888.


LaTeX Warning: Reference `平抛运动轨迹方程' on page 51 undefined on input line 1893.


LaTeX Warning: Reference `平抛运动轨迹方程' on page 51 undefined on input line 1895.

File: pic/6-1-1.pdf Graphic file (type pdf)
<use pic/6-1-1.pdf>

LaTeX Warning: Reference `平抛运动例题1' on page 51 undefined on input line 1905.


LaTeX Warning: Reference `平抛运动例题1' on page 51 undefined on input line 1905.


LaTeX Warning: Reference `平抛运动例1题图' on page 51 undefined on input line 1910.


LaTeX Warning: Reference `平抛运动例题1' on page 51 undefined on input line 1924.

[51]

LaTeX Warning: Reference `运动时间' on page 52 undefined on input line 1944.


LaTeX Warning: Reference `水平位移' on page 52 undefined on input line 1944.


LaTeX Warning: Reference `合速度' on page 52 undefined on input line 1952.


LaTeX Warning: Reference `合速度' on page 52 undefined on input line 1955.

[52]
File: pic/pic4.png Graphic file (type bmp)
<pic/pic4.png>


LaTeX Warning: Reference `例题飞镖' on page 53 undefined on input line 1986.


LaTeX Warning: Reference `例题飞镖' on page 53 undefined on input line 1986.


LaTeX Warning: Reference `fig4' on page 53 undefined on input line 1993.

[53]
File: pic/pic2.png Graphic file (type bmp)
<pic/pic2.png>


LaTeX Warning: Reference `起落斜面平抛' on page 54 undefined on input line 2059.


LaTeX Warning: Reference `斜面上的运动时间' on page 54 undefined on input line 2075.

[54]

LaTeX Warning: Reference `斜面上的运动时间' on page 55 undefined on input line 2089.

[55] [56]
第七章
[57

] [58]
File: pic/pic8.pdf Graphic file (type pdf)
<use pic/pic8.pdf>
File: pic/pic9.pdf Graphic file (type pdf)
<use pic/pic9.pdf>

Underfull \vbox (badness 1424) has occurred while \output is active []

 [59]

LaTeX Warning: Reference `圆锥摆-3' on page 60 undefined on input line 2279.


LaTeX Warning: Reference `圆锥摆-1' on page 60 undefined on input line 2281.


LaTeX Warning: Reference `圆锥摆-2' on page 60 undefined on input line 2284.


LaTeX Warning: Reference `圆锥摆-2' on page 60 undefined on input line 2286.


LaTeX Warning: Reference `圆锥摆2' on page 60 undefined on input line 2287.


LaTeX Warning: Reference `圆锥摆-2' on page 60 undefined on input line 2287.


LaTeX Warning: Reference `圆锥摆1' on page 60 undefined on input line 2298.


LaTeX Warning: Reference `圆锥摆2' on page 60 undefined on input line 2298.


Underfull \vbox (badness 5954) has occurred while \output is active []

 [60]

LaTeX Warning: Reference `圆锥摆半径' on page 61 undefined on input line 2308.


LaTeX Warning: Reference `圆锥摆向心加速度' on page 61 undefined on input line 2308.


LaTeX Warning: Reference `圆锥摆角速度' on page 61 undefined on input line 2320.

File: pic/7.3-1.pdf Graphic file (type pdf)
<use pic/7.3-1.pdf>
File: pic/7.3-2.pdf Graphic file (type pdf)
<use pic/7.3-2.pdf>

LaTeX Warning: Reference `竖直圆周-1' on page 61 undefined on input line 2358.


LaTeX Warning: Reference `竖直圆周向心力方程' on page 61 undefined on input line 2365.

[61]

LaTeX Warning: Reference `最小拉力' on page 62 undefined on input line 2379.


LaTeX Warning: Reference `最小拉力' on page 62 undefined on input line 2393.

[62]
File: pic/pic12.pdf Graphic file (type pdf)
<use pic/pic12.pdf>


LaTeX Warning: Reference `fig12' on page 63 undefined on input line 2445.

[63] [64]
第八章

Underfull \vbox (badness 7540) has occurred while \output is active []

 [65

]

LaTeX Warning: Reference `开普勒第三定律的内容' on page 66 undefined on input line 2522.


Underfull \vbox (badness 3482) has occurred while \output is active []

 [66]

LaTeX Warning: Reference `万有引力与重力的关系' on page 67 undefined on input line 2612.

File: pic/8.2-A.pdf Graphic file (type pdf)
<use pic/8.2-A.pdf>
File: pic/8.2-B.pdf Graphic file (type pdf)
<use pic/8.2-B.pdf>
[67]

LaTeX Warning: Reference `重力的实质' on page 68 undefined on input line 2643.


LaTeX Warning: Reference `重力加速度' on page 68 undefined on input line 2670.

[68]

LaTeX Warning: Reference `重力加速度' on page 69 undefined on input line 2678.


LaTeX Warning: Reference `8.1.1节的讨论' on page 69 undefined on input line 2714.

[69]

LaTeX Warning: Reference `宇宙航行1' on page 70 undefined on input line 2752.

[70] [71]
File: pic/pic13.pdf Graphic file (type pdf)
<use pic/pic13.pdf>

Underfull \vbox (badness 10000) has occurred while \output is active []

 [72]

LaTeX Warning: Reference `周期相等' on page 73 undefined on input line 2866.


LaTeX Warning: Reference `半径与距离' on page 73 undefined on input line 2868.

[73] [74]
第九章

LaTeX Warning: Reference `伽利略的实验' on page 75 undefined on input line 2907.


LaTeX Warning: Reference `伽利略的理想实验' on page 75 undefined on input line 2907.


Underfull \vbox (badness 1048) has occurred while \output is active []

 [75

]
File: pic/9.1-A.pdf Graphic file (type pdf)
<use pic/9.1-A.pdf>


LaTeX Warning: Reference `fig:力与位移的夹角' on page 76 undefined on input line 2960.

[76]
File: pic/9.3-0.png Graphic file (type bmp)
<pic/9.3-0.png>
File: pic/9.3-1.png Graphic file (type bmp)
<pic/9.3-1.png>


LaTeX Warning: Reference `fig:重力势能-1' on page 77 undefined on input line 3027.


LaTeX Warning: Reference `fig:重力势能-2' on page 77 undefined on input line 3033.

[77] [78]

LaTeX Warning: Reference `瞬时功率' on page 79 undefined on input line 3100.


LaTeX Warning: Reference `瞬时功率' on page 79 undefined on input line 3102.


LaTeX Warning: Reference `重力做的功' on page 79 undefined on input line 3115.

[79] [80] [81]

LaTeX Warning: Reference `速度与位移的关系' on page 82 undefined on input line 3228.


LaTeX Warning: Reference `动能定理前身' on page 82 undefined on input line 3236.


LaTeX Warning: Reference `动能定理前身' on page 82 undefined on input line 3245.


LaTeX Warning: Reference `动能定理前身' on page 82 undefined on input line 3247.


LaTeX Warning: Reference `动能定理1' on page 82 undefined on input line 3260.

[82]

LaTeX Warning: Reference `瞬时功率' on page 83 undefined on input line 3318.

[83]
File: pic/pic10.pdf Graphic file (type pdf)
<use pic/pic10.pdf>
File: pic/pic11.pdf Graphic file (type pdf)
<use pic/pic11.pdf>


LaTeX Warning: Reference `机车启动功率' on page 84 undefined on input line 3345.


LaTeX Warning: Reference `机车启动牛二律' on page 84 undefined on input line 3346.


LaTeX Warning: Reference `机车启动1' on page 84 undefined on input line 3367.

[84]

LaTeX Warning: Reference `机车启动功率' on page 85 undefined on input line 3383.


LaTeX Warning: Reference `机车启动2' on page 85 undefined on input line 3389.


LaTeX Warning: Reference `机车启动功率' on page 85 undefined on input line 3396.


LaTeX Warning: Reference `最大速度' on page 85 undefined on input line 3398.

[85]

LaTeX Warning: Reference `机械能守恒定律推导1' on page 86 undefined on input line 3452.


LaTeX Warning: Reference `机械能守恒定律推导2' on page 86 undefined on input line 3454.

[86]

LaTeX Warning: Reference `5.6-2' on page 87 undefined on input line 3488.

File: pic/exam_5.6-2.pdf Graphic file (type pdf)
<use pic/exam_5.6-2.pdf>

LaTeX Warning: Reference `例题刚性轻杆' on page 87 undefined on input line 3502.


LaTeX Warning: Reference `例题刚性轻杆' on page 87 undefined on input line 3502.

[87] [88]

LaTeX Warning: Reference `热力学定律' on page 89 undefined on input line 3599.


LaTeX Warning: Reference `热力学定律' on page 89 undefined on input line 3608.

[89]

LaTeX Warning: Reference `fic14' on page 90 undefined on input line 3632.

File: pic/exam_5-3.pdf Graphic file (type pdf)
<use pic/exam_5-3.pdf>

LaTeX Warning: Reference `传送带问题' on page 90 undefined on input line 3642.


LaTeX Warning: Reference `传送带问题' on page 90 undefined on input line 3642.


Underfull \vbox (badness 7030) has occurred while \output is active []

 [90] [91] [92]
第十章

Underfull \vbox (badness 7631) has occurred while \output is active []

 [93

]

LaTeX Warning: Reference `恒力冲量' on page 94 undefined on input line 3812.


LaTeX Warning: Reference `速度增量与时间间隔的关系' on page 94 undefined on input line 3817.

[94] [95]

LaTeX Warning: Reference `拉力水平' on page 96 undefined on input line 3867.


LaTeX Warning: Reference `第一节动量' on page 96 undefined on input line 3904.

[96]

LaTeX Warning: Reference `动量守恒1' on page 97 undefined on input line 3953.


LaTeX Warning: Reference `动量守恒2' on page 97 undefined on input line 3953.


LaTeX Warning: Reference `动量守恒1' on page 97 undefined on input line 3954.


LaTeX Warning: Reference `动量守恒2' on page 97 undefined on input line 3961.

[97] [98]

LaTeX Warning: Reference `爆炸1' on page 99 undefined on input line 4078.

[99] [100]

LaTeX Warning: Reference `碰后速度' on page 101 undefined on input line 4164.


LaTeX Warning: Reference `碰后速度' on page 101 undefined on input line 4167.


LaTeX Warning: Reference `碰后速度' on page 101 undefined on input line 4173.

[101]

LaTeX Warning: Reference `碰后速度' on page 102 undefined on input line 4178.

[102] [103

] [104]
第十一章
[105

] [106] [107]

LaTeX Warning: Reference `比较静电力与万有引力' on page 108 undefined on input line 4374.

[108]
File: pic/11-A.pdf Graphic file (type pdf)
<use pic/11-A.pdf>


LaTeX Warning: Reference `电场线1' on page 109 undefined on input line 4473.

[109]

LaTeX Warning: Reference `电场的图形描述' on page 110 undefined on input line 4478.


LaTeX Warning: Reference `静电力1' on page 110 undefined on input line 4501.


LaTeX Warning: Reference `静电力2' on page 110 undefined on input line 4501.

[110]

LaTeX Warning: Reference `静电力与电荷量之比' on page 111 undefined on input line 4534.

[111]
File: pic/11-1-1.png Graphic file (type bmp)
<pic/11-1-1.png>
File: pic/11-1-2.png Graphic file (type bmp)
<pic/11-1-2.png>

Underfull \vbox (badness 10000) has occurred while \output is active []

 [112] [113] [114] [115]

LaTeX Warning: Reference `例题2-ia' on page 116 undefined on input line 4811.


LaTeX Warning: Reference `例题2-ib' on page 116 undefined on input line 4811.


LaTeX Warning: Reference `例题2-ib' on page 116 undefined on input line 4817.


LaTeX Warning: Reference `例题2-ic' on page 116 undefined on input line 4829.


LaTeX Warning: Reference `例题2-ii' on page 116 undefined on input line 4829.


LaTeX Warning: Reference `电势差的减法' on page 116 undefined on input line 4839.


LaTeX Warning: Reference `例题2-ia' on page 116 undefined on input line 4839.


LaTeX Warning: Reference `例题2-ib' on page 116 undefined on input line 4839.


LaTeX Warning: Reference `例题2-ic' on page 116 undefined on input line 4839.

[116]
File: pic/pic1.6-1.pdf Graphic file (type pdf)
<use pic/pic1.6-1.pdf>


LaTeX Warning: Reference `1.6-1' on page 117 undefined on input line 4901.


LaTeX Warning: Reference `静电力做功1' on page 117 undefined on input line 4913.


LaTeX Warning: Reference `静电力做功2' on page 117 undefined on input line 4913.

[117] [118] [119] [120]

LaTeX Warning: Reference `平行板电容器的电容' on page 121 undefined on input line 5110.

[121]
File: pic/1.7-1.pdf Graphic file (type pdf)
<use pic/1.7-1.pdf>
File: pic/1.7-2.pdf Graphic file (type pdf)
<use pic/1.7-2.pdf>


LaTeX Warning: Reference `平行板电容器1' on page 122 undefined on input line 5146.


LaTeX Warning: Reference `平行板电容器的电场强度' on page 122 undefined on input line 5146.


LaTeX Warning: Reference `平行板电容器的电场强度' on page 122 undefined on input line 5150.


LaTeX Warning: Reference `平行板电容器2' on page 122 undefined on input line 5158.


LaTeX Warning: Reference `平行板电容器的电场强度' on page 122 undefined on input line 5160.

[122]
File: pic/1.8-3.pdf Graphic file (type pdf)
<use pic/1.8-3.pdf>

Overfull \hbox (4.46945pt too wide) in paragraph at lines 5180--5181
 []
 []


LaTeX Warning: Reference `1.8-3' on page 123 undefined on input line 5190.


LaTeX Warning: Reference `平行板电容器的电容' on page 123 undefined on input line 5192.

File: pic/1.8-4.pdf Graphic file (type pdf)
<use pic/1.8-4.pdf>

Overfull \hbox (4.46945pt too wide) in paragraph at lines 5208--5209
 []
 []


LaTeX Warning: Reference `1.8-4' on page 123 undefined on input line 5213.


LaTeX Warning: Reference `平行板电容器的电容' on page 123 undefined on input line 5215.


LaTeX Warning: Reference `平行板电容器的电场强度' on page 123 undefined on input line 5217.

[123]
File: pic/1.8-1.pdf Graphic file (type pdf)
<use pic/1.8-1.pdf>


LaTeX Warning: Reference `匀强电场中的类平抛运动' on page 124 undefined on input line 5269.

[124]
File: pic/1.9-2.pdf Graphic file (type pdf)
<use pic/1.9-2.pdf>


LaTeX Warning: Reference `匀强电场中的加速与偏转' on page 125 undefined on input line 5314.


LaTeX Warning: Reference `侧移量方程' on page 125 undefined on input line 5319.

[125]

LaTeX Warning: Reference `匀强电场速度偏转角' on page 126 undefined on input line 5322.

[126]
第十二章
File: pic/2.3-1.pdf Graphic file (type pdf)
<use pic/2.3-1.pdf>

Overfull \hbox (19.49353pt too wide) in paragraph at lines 5338--5339
 []
 []


LaTeX Warning: Reference `2.3-1' on page 127 undefined on input line 5351.


LaTeX Warning: Reference `电动势一节' on page 127 undefined on input line 5365.

[127

] [128] [129]

LaTeX Warning: Reference `14.2-10' on page 130 undefined on input line 5492.

File: pic/14.2-10.pdf Graphic file (type pdf)
<use pic/14.2-10.pdf>

Underfull \vbox (badness 1400) has occurred while \output is active []

 [130]

LaTeX Warning: Reference `电路图1' on page 131 undefined on input line 5541.


LaTeX Warning: Reference `电路图2' on page 131 undefined on input line 5543.

File: pic/14.3-0.png Graphic file (type bmp)
<pic/14.3-0.png>
File: pic/14.3-1.png Graphic file (type bmp)
<pic/14.3-1.png>

LaTeX Warning: Reference `电路图1' on page 131 undefined on input line 5564.


LaTeX Warning: Reference `电路图2' on page 131 undefined on input line 5568.

[131]

LaTeX Warning: Reference `电路图1' on page 132 undefined on input line 5575.


LaTeX Warning: Reference `电路图2' on page 132 undefined on input line 5580.

File: pic/14.3-20.pdf Graphic file (type pdf)
<use pic/14.3-20.pdf>
File: pic/14.3-21.pdf Graphic file (type pdf)
<use pic/14.3-21.pdf>

LaTeX Warning: Reference `电路图4' on page 132 undefined on input line 5604.

[132]

LaTeX Warning: Reference `电路图5' on page 133 undefined on input line 5623.


LaTeX Warning: Reference `电路图4' on page 133 undefined on input line 5642.

[133]

LaTeX Warning: Reference `电路图5' on page 134 undefined on input line 5654.

[134]

LaTeX Warning: Reference `表头的内阻公式' on page 135 undefined on input line 5699.

File: pic/2.4-1.pdf Graphic file (type pdf)
<use pic/2.4-1.pdf>
File: pic/2.4-2.pdf Graphic file (type pdf)
<use pic/2.4-2.pdf>
File: pic/2.4-3.pdf Graphic file (type pdf)
<use pic/2.4-3.pdf>
[135]

LaTeX Warning: Reference `电路图7' on page 136 undefined on input line 5744.


LaTeX Warning: Reference `电路图9' on page 136 undefined on input line 5748.


LaTeX Warning: Reference `电路图8' on page 136 undefined on input line 5751.


LaTeX Warning: Reference `电路图9' on page 136 undefined on input line 5754.

[136] [137]

LaTeX Warning: Reference `电流做功的功率' on page 138 undefined on input line 5846.


LaTeX Warning: Reference `焦耳定律' on page 138 undefined on input line 5846.


LaTeX Warning: Reference `电流做功的功率' on page 138 undefined on input line 5847.


LaTeX Warning: Reference `焦耳定律' on page 138 undefined on input line 5847.


LaTeX Warning: Reference `焦耳定律' on page 138 undefined on input line 5848.


LaTeX Warning: Reference `焦耳定律' on page 138 undefined on input line 5850.


LaTeX Warning: Reference `电流做功的功率' on page 138 undefined on input line 5851.


LaTeX Warning: Reference `电功表达式' on page 138 undefined on input line 5853.


LaTeX Warning: Reference `焦耳定律的电功表达式' on page 138 undefined on input line 5853.


LaTeX Warning: Reference `电流做功的功率' on page 138 undefined on input line 5854.


LaTeX Warning: Reference `焦耳定律' on page 138 undefined on input line 5854.

[138]

LaTeX Warning: Reference `2.3-1' on page 139 undefined on input line 5892.


LaTeX Warning: Reference `2.3-1' on page 139 undefined on input line 5892.

[139] [140]

LaTeX Warning: Reference `欧姆定律推导1' on page 141 undefined on input line 5980.


LaTeX Warning: Reference `欧姆定律推导2' on page 141 undefined on input line 5980.


LaTeX Warning: Reference `欧姆定律推导3' on page 141 undefined on input line 5981.


LaTeX Warning: Reference `欧姆定律推导4' on page 141 undefined on input line 5981.

File: pic/2.6-1.pdf Graphic file (type pdf)
<use pic/2.6-1.pdf>
File: pic/2.6-2.pdf Graphic file (type pdf)
<use pic/2.6-2.pdf>

LaTeX Warning: Reference `闭合电路欧姆定律2' on page 141 undefined on input line 6025.

[141]

LaTeX Warning: Reference `路端电压' on page 142 undefined on input line 6032.


LaTeX Warning: Reference `路端电压1' on page 142 undefined on input line 6032.


LaTeX Warning: Reference `路端电压2' on page 142 undefined on input line 6038.

File: pic/2.7-1.pdf Graphic file (type pdf)
<use pic/2.7-1.pdf>
[142]

LaTeX Warning: Reference `2.7-1' on page 143 undefined on input line 6064.

[143]

LaTeX Warning: Reference `2.7-2' on page 144 undefined on input line 6096.

File: pic/2.7-2.pdf Graphic file (type pdf)
<use pic/2.7-2.pdf>
[144]
File: pic/2.8-1.pdf Graphic file (type pdf)
<use pic/2.8-1.pdf>
File: pic/2.8-2.pdf Graphic file (type pdf)
<use pic/2.8-2.pdf>


LaTeX Warning: Reference `内接法' on page 145 undefined on input line 6180.

[145]

LaTeX Warning: Reference `外接法' on page 146 undefined on input line 6189.

File: pic/2.8-3.pdf Graphic file (type pdf)
<use pic/2.8-3.pdf>
File: pic/2.8-4.pdf Graphic file (type pdf)
<use pic/2.8-4.pdf>

LaTeX Warning: Reference `限流接法' on page 146 undefined on input line 6224.

[146]

LaTeX Warning: Reference `分压接法' on page 147 undefined on input line 6233.

[147]

LaTeX Warning: Reference `测量电动势2' on page 148 undefined on input line 6273.

File: pic/2.9-1.pdf Graphic file (type pdf)
<use pic/2.9-1.pdf>
File: pic/2.9-2.pdf Graphic file (type pdf)
<use pic/2.9-2.pdf>
[148]

LaTeX Warning: Reference `测量电动势与内阻1' on page 149 undefined on input line 6299.


LaTeX Warning: Reference `测量电动势与内阻2' on page 149 undefined on input line 6308.


LaTeX Warning: Reference `测量电动势与内阻2' on page 149 undefined on input line 6309.

[149] [150

]
第十三章
[151] [152]
Underfull \vbox (badness 2512) has occurred while \output is active []

 [153] [154] [155]

LaTeX Warning: Reference `电流和自由电荷定向移动平均速率的关系' on page 156 undefined on input line 6616.


LaTeX Warning: Reference `匀强磁场匀速圆周半径' on page 156 undefined on input line 6659.


LaTeX Warning: Reference `电磁科技一节' on page 156 undefined on input line 6666.

[156]

LaTeX Warning: Reference `匀强磁场匀速圆周周期' on page 157 undefined on input line 6691.

File: pic/3.5-1.pdf Graphic file (type pdf)
<use pic/3.5-1.pdf>

LaTeX Warning: Reference `例题匀强电场磁场' on page 157 undefined on input line 6711.


LaTeX Warning: Reference `例题匀强电场磁场' on page 157 undefined on input line 6711.


LaTeX Warning: Reference `3.5-1' on page 157 undefined on input line 6717.

[157] [158] [159]
File: pic/3.3-1.png Graphic file (type bmp)
<pic/3.3-1.png>


LaTeX Warning: Reference `3.3' on page 160 undefined on input line 6815.

File: pic/zhipuyi.png Graphic file (type bmp)
<pic/zhipuyi.png>

LaTeX Warning: Reference `质谱仪' on page 160 undefined on input line 6829.

[160]

LaTeX Warning: Reference `质谱仪' on page 161 undefined on input line 6831.


LaTeX Warning: Reference `匀强磁场匀速圆周半径' on page 161 undefined on input line 6882.


LaTeX Warning: Reference `匀强磁场匀速圆周周期' on page 161 undefined on input line 6894.


Underfull \vbox (badness 2205) has occurred while \output is active []

 [161] [162]
第十四章
[163

] [164]
File: pic/3.6-1.pdf Graphic file (type pdf)
<use pic/3.6-1.pdf>
 [165]

LaTeX Warning: Reference `3.6-1' on page 166 undefined on input line 7089.

File: pic/3.6-2.pdf Graphic file (type pdf)
<use pic/3.6-2.pdf>

LaTeX Warning: Reference `3.6-2' on page 166 undefined on input line 7131.

[166]

LaTeX Warning: Reference `3.6-1' on page 167 undefined on input line 7151.


LaTeX Warning: Reference `切割磁感线一节' on page 167 undefined on input line 7157.

[167]

LaTeX Warning: Reference `电磁感应1' on page 168 undefined on input line 7210.


LaTeX Warning: Reference `涡流' on page 168 undefined on input line 7210.

[168] [169]

LaTeX Warning: Reference `3.6-1' on page 170 undefined on input line 7287.


LaTeX Warning: Reference `3.6-1' on page 170 undefined on input line 7287.


LaTeX Warning: Reference `平动切割公式' on page 170 undefined on input line 7291.


LaTeX Warning: Reference `平动切割公式' on page 170 undefined on input line 7314.


Underfull \vbox (badness 6157) has occurred while \output is active []

 [170]
File: pic/4.7-2.pdf Graphic file (type pdf)
<use pic/4.7-2.pdf>


LaTeX Warning: Reference `切割磁感线的例题' on page 171 undefined on input line 7341.


LaTeX Warning: Reference `切割磁感线的例题' on page 171 undefined on input line 7341.


LaTeX Warning: Reference `4.7-2' on page 171 undefined on input line 7347.


Package fontspec Info: Could not resolve font "FangSong/BI" (it probably
(fontspec)             doesn't exist).


Package fontspec Info: Could not resolve font "FangSong/B" (it probably
(fontspec)             doesn't exist).


Package fontspec Info: Could not resolve font "FangSong/I" (it probably
(fontspec)             doesn't exist).


Package fontspec Info: Font family 'FangSong(0)' created for font 'FangSong'
(fontspec)             with options [Script={CJK}].
(fontspec)              
(fontspec)              This font family consists of the following NFSS
(fontspec)             series/shapes:
(fontspec)              
(fontspec)             - 'normal' (m/n) with NFSS spec.:
(fontspec)             <->"FangSong/OT:script=hani;language=dflt;"
(fontspec)             - 'small caps'  (m/sc) with NFSS spec.: 

[171] [172]
File: pic/4.7-3.pdf Graphic file (type pdf)
<use pic/4.7-3.pdf>


LaTeX Warning: Reference `斜面体题' on page 173 undefined on input line 7421.


LaTeX Warning: Reference `斜面体题' on page 173 undefined on input line 7421.


LaTeX Warning: Reference `4.7-3' on page 173 undefined on input line 7427.

[173] [174]
第十五章

LaTeX Warning: Reference `4.1-1' on page 175 undefined on input line 7495.

File: pic/4.1-1.png Graphic file (type bmp)
<pic/4.1-1.png>
File: pic/4.1-2.pdf Graphic file (type pdf)
<use pic/4.1-2.pdf>

LaTeX Warning: Reference `4.1-1' on page 175 undefined on input line 7524.

[175

]

LaTeX Warning: Reference `4.1-2' on page 176 undefined on input line 7534.

File: pic/4.1-3.pdf Graphic file (type pdf)
<use pic/4.1-3.pdf>

LaTeX Warning: Reference `4.1-1' on page 176 undefined on input line 7545.


LaTeX Warning: Reference `4.1-1' on page 176 undefined on input line 7546.


LaTeX Warning: Reference `4.1-3' on page 176 undefined on input line 7548.


LaTeX Warning: Reference `平动切割公式' on page 176 undefined on input line 7555.


LaTeX Warning: Reference `4.1-1' on page 176 undefined on input line 7566.

[176] [177] [178]
File: pic/5.4-1.pdf Graphic file (type pdf)
<use pic/5.4-1.pdf>


LaTeX Warning: Reference `5.4-1' on page 179 undefined on input line 7733.

[179]
Underfull \vbox (badness 7326) has occurred while \output is active []

 [180] [181]
File: pic/5.4-3.pdf Graphic file (type pdf)
<use pic/5.4-3.pdf>


LaTeX Warning: Reference `电阻定律' on page 182 undefined on input line 7858.


LaTeX Warning: Reference `5.4-2' on page 182 undefined on input line 7870.

[182] [183] [184

]
第十六章

Underfull \vbox (badness 10000) has occurred while \output is active []

 [185] [186] [187]

LaTeX Warning: Reference `光的电磁理论' on page 188 undefined on input line 8033.


LaTeX Warning: Reference `各色光在真空中的波长和频率' on page 188 undefined on input line 8033.

[188] [189] [190

]
第十七章
[191] [192] [193] [194

] [195] [196]
第十八章
[197

] [198]
File: pic/13_1.png Graphic file (type bmp)
<pic/13_1.png>


LaTeX Warning: Reference `分子间的相互作用' on page 199 undefined on input line 8306.

[199]
File: pic/13_2.png Graphic file (type bmp)
<pic/13_2.png>


LaTeX Warning: Reference `气体分子速率分布曲线' on page 200 undefined on input line 8357.

[200]
File: pic/13_3.png Graphic file (type bmp)
<pic/13_3.png>


LaTeX Warning: Reference `分子间相互作用力和分子势能与分子间距离的关系' on page 201 undefined on input line 8421.

[201]

LaTeX Warning: Reference `分子间相互作用力和分子势能与分子间距离的关系' on page 202 undefined on input line 8433.


Underfull \vbox (badness 10000) has occurred while \output is active []

 [202]
Underfull \vbox (badness 4416) has occurred while \output is active []

 [203] [204]
第十九章
[205

]

LaTeX Warning: Reference `等温线' on page 206 undefined on input line 8583.

File: pic/18-99.png Graphic file (type bmp)
<pic/18-99.png>
File: pic/18-102.png Graphic file (type bmp)
<pic/18-102.png>
File: pic/18-101.png Graphic file (type bmp)
<pic/18-101.png>

LaTeX Warning: Reference `等压线' on page 206 undefined on input line 8621.

[206]

LaTeX Warning: Reference `等容线' on page 207 undefined on input line 8641.


LaTeX Warning: Reference `等容线' on page 207 undefined on input line 8649.


Underfull \vbox (badness 1824) has occurred while \output is active []

 [207]
File: pic/18-205.png Graphic file (type bmp)
<pic/18-205.png>
File: pic/18-206.png Graphic file (type bmp)
<pic/18-206.png>


LaTeX Warning: Reference `石蜡熔化情况' on page 208 undefined on input line 8734.

[208]
File: pic/12-202.png Graphic file (type bmp)
<pic/12-202.png>


LaTeX Warning: Reference `氯化钠晶体微观结构' on page 209 undefined on input line 8786.

[209]

LaTeX Warning: Reference `液体表面张力' on page 210 undefined on input line 8831.


LaTeX Warning: Reference `液体表面张力' on page 210 undefined on input line 8838.

File: pic/12-205.png Graphic file (type bmp)
<pic/12-205.png>
[210]

LaTeX Warning: Reference `浸润和不浸润' on page 211 undefined on input line 8874.


LaTeX Warning: Reference `浸润和不浸润' on page 211 undefined on input line 8878.

File: pic/12-280.png Graphic file (type bmp)
<pic/12-280.png>
[211]

LaTeX Warning: Reference `固态, 液晶态和液态分子排列的示意图' on page 212 undefined on input line 8912.

File: pic/12-300.png Graphic file (type bmp)
<pic/12-300.png>
[212]
第二十章

Underfull \vbox (badness 1629) has occurred while \output is active []

 [213

]

LaTeX Warning: Reference `热力学第一定律公式' on page 214 undefined on input line 9014.

[214] [215] [216] [217] [218] [219

] [220]
第二十一章

LaTeX Warning: Reference `弹簧振子' on page 221 undefined on input line 9215.

File: pic/11-A.png Graphic file (type bmp)
<pic/11-A.png>
[221

]

LaTeX Warning: Reference `11-B' on page 222 undefined on input line 9241.

File: pic/11-B.pdf Graphic file (type pdf)
<use pic/11-B.pdf>

LaTeX Warning: Reference `11-B' on page 222 undefined on input line 9258.


LaTeX Warning: Reference `11-B' on page 222 undefined on input line 9261.


Underfull \vbox (badness 7221) has occurred while \output is active []

 [222]

LaTeX Warning: Reference `位移函数' on page 223 undefined on input line 9305.


LaTeX Warning: Reference `弹簧振子' on page 223 undefined on input line 9317.

[223]

LaTeX Warning: Reference `位移函数' on page 224 undefined on input line 9328.


LaTeX Warning: Reference `位移函数' on page 224 undefined on input line 9370.

[224]
File: pic/11-C.png Graphic file (type bmp)
<pic/11-C.png>


LaTeX Warning: Reference `11-C' on page 225 undefined on input line 9393.

[225]

LaTeX Warning: Reference `位移函数' on page 226 undefined on input line 9418.

File: pic/11-E.pdf Graphic file (type pdf)
<use pic/11-E.pdf>

LaTeX Warning: Reference `11-E' on page 226 undefined on input line 9431.

[226]

LaTeX Wa